Using pre-set license
Built from '2020.3/release' branch; Version is '2020.3.15f2 (6cf78cb77498) revision 7141260'; Using compiler version '192528614'; Build Type 'Release'
OS: 'Windows 10 Pro; OS build 19043.1110; Version 2009; 64bit' Language: 'es' Physical Memory: 8094 MB
BatchMode: 1, IsHumanControllingUs: 0, StartBugReporterOnCrash: 0, Is64bit: 1, IsPro: 0

 COMMAND LINE ARGUMENTS:
D:\Disco D\Programas\Instaladores Software\6 SEM\PGM\Unity\2018.4.19f1\2020.3.15f2\Editor\Unity.exe
-adb2
-batchMode
-noUpm
-name
AssetImportWorker0
-projectPath
D:/Disco D/Documentos/UNIFRANZ/Semestre 9/RAV/H2/Proyectos/EvaluacionH2/EvaluacionH2-Gerson
-logFile
Logs/AssetImportWorker0.log
-srvPort
51287
Successfully changed project path to: D:/Disco D/Documentos/UNIFRANZ/Semestre 9/RAV/H2/Proyectos/EvaluacionH2/EvaluacionH2-Gerson
D:/Disco D/Documentos/UNIFRANZ/Semestre 9/RAV/H2/Proyectos/EvaluacionH2/EvaluacionH2-Gerson
Using Asset Import Pipeline V2.
